#
# There is insufficient memory for the Java Runtime Environment to continue.
# Native memory allocation (mmap) failed to map 100663296 bytes for Failed to commit area from 0x00000000e0000000 to 0x00000000e6000000 of length 100663296.
# Possible reasons:
#   The system is out of physical RAM or swap space
#   The process is running with CompressedOops enabled, and the Java Heap may be blocking the growth of the native heap
# Possible solutions:
#   Reduce memory load on the system
#   Increase physical memory or swap space
#   Check if swap backing store is full
#   Decrease Java heap size (-Xmx/-Xms)
#   Decrease number of Java threads
#   Decrease Java thread stack sizes (-Xss)
#   Set larger code cache with -XX:ReservedCodeCacheSize=
# This output file may be truncated or incomplete.
#
#  Out of Memory Error (./src/hotspot/os/windows/os_windows.cpp:3386), pid=1524, tid=6392
#
# JRE version:  (11.0.16+8) (build )
# Java VM: OpenJDK 64-Bit Server VM (11.0.16+8, mixed mode, sharing, tiered, compressed oops, g1 gc, windows-amd64)
# No core dump will be written. Minidumps are not enabled by default on client versions of Windows
#

---------------  S U M M A R Y ------------

Command Line: -Xmx512m -Dfile.encoding=UTF-8 edu.umd.cs.findbugs.FindBugs2 -xml:withMessages=D:\IdeaProjects\SpotBug\target\spotbugsTemp.xml -auxclasspathFromInput -projectName statistics -effort:default -medium -nested:false D:\IdeaProjects\SpotBug\target\classes

Host: Intel(R) Core(TM) i3-5005U CPU @ 2.00GHz, 4 cores, 5G,  Windows 10 , 64 bit Build 19041 (10.0.19041.1889)
Time: Thu Oct 20 20:49:21 2022 RTZ 4 (s 10 , 64 bit Build 19041 (10.0.19041.1889) elapsed time: 0.020343 seconds (0d 0h 0m 0s)

---------------  T H R E A D  ---------------

Current thread (0x000001fbed436000):  JavaThread "Unknown thread" [_thread_in_vm, id=6392, stack(0x0000007d5bf00000,0x0000007d5c000000)]

Stack: [0x0000007d5bf00000,0x0000007d5c000000]
Native frames: (J=compiled Java code, j=interpreted, Vv=VM code, C=native code)
V  [jvm.dll+0x61f1da]
V  [jvm.dll+0x7abc69]
V  [jvm.dll+0x7ad358]
V  [jvm.dll+0x7ada33]
V  [jvm.dll+0x24fb08]
V  [jvm.dll+0x61c4ea]
V  [jvm.dll+0x610c95]
V  [jvm.dll+0x307a2c]
V  [jvm.dll+0x3078b2]
V  [jvm.dll+0x30c5c6]
V  [jvm.dll+0x352b8f]
V  [jvm.dll+0x3525c0]
V  [jvm.dll+0x2e4a28]
V  [jvm.dll+0x2e5b86]
V  [jvm.dll+0x785ab7]
V  [jvm.dll+0x78723f]
V  [jvm.dll+0x35f8d9]
V  [jvm.dll+0x768950]
V  [jvm.dll+0x3cd3ff]
V  [jvm.dll+0x3cf791]
C  [jli.dll+0x5207]
C  [ucrtbase.dll+0x21bb2]
C  [KERNEL32.DLL+0x17034]
C  [ntdll.dll+0x526a1]


---------------  P R O C E S S  ---------------

Threads class SMR info:
_java_thread_list=0x000001fbed33d2f0, length=0, elements={
}

Java Threads: ( => current thread )

Other Threads:
  0x000001fbed44f000 GCTaskThread "GC Thread#0" [stack: 0x0000007d5c000000,0x0000007d5c100000] [id=7428]
  0x000001fbed462000 ConcurrentGCThread "G1 Main Marker" [stack: 0x0000007d5c100000,0x0000007d5c200000] [id=5624]
  0x000001fbed463800 ConcurrentGCThread "G1 Conc#0" [stack: 0x0000007d5c200000,0x0000007d5c300000] [id=5116]

[error occurred during error reporting (printing all threads), id 0xc0000005, EXCEPTION_ACCESS_VIOLATION (0xc0000005) at pc=0x00007ffc59d941f7]

VM state:not at safepoint (not fully initialized)

VM Mutex/Monitor currently owned by a thread:  ([mutex/lock_event])
[0x000001fbed4330a0] Heap_lock - owner thread: 0x000001fbed436000

Heap address: 0x00000000e0000000, size: 512 MB, Compressed Oops mode: Non-zero based: 0x00000000e0000000
Narrow klass base: 0x0000000000000000, Narrow klass shift: 0

GC Heap History (0 events):
No events

Deoptimization events (0 events):
No events

Classes redefined (0 events):
No events

Internal exceptions (0 events):
No events

Events (1 events):
Event: 0.011 Loaded shared library C:\Program Files\Eclipse Adoptium\jdk-11.0.16.8-hotspot\bin\zip.dll


Dynamic libraries:
0x00007ff7149e0000 - 0x00007ff7149ed000 	C:\Program Files\Eclipse Adoptium\jdk-11.0.16.8-hotspot\bin\java.exe
0x00007ffca4c30000 - 0x00007ffca4e28000 	C:\WINDOWS\SYSTEM32\ntdll.dll
0x00007ffca3380000 - 0x00007ffca343d000 	C:\WINDOWS\System32\KERNEL32.DLL
0x00007ffca2770000 - 0x00007ffca2a42000 	C:\WINDOWS\System32\KERNELBASE.dll
0x00007ffca24a0000 - 0x00007ffca25a0000 	C:\WINDOWS\System32\ucrtbase.dll
0x00007ffc8fc90000 - 0x00007ffc8fca5000 	C:\Program Files\Eclipse Adoptium\jdk-11.0.16.8-hotspot\bin\VCRUNTIME140.dll
0x00007ffc9b0c0000 - 0x00007ffc9b0d7000 	C:\Program Files\Eclipse Adoptium\jdk-11.0.16.8-hotspot\bin\jli.dll
0x00007ffca31e0000 - 0x00007ffca337d000 	C:\WINDOWS\System32\USER32.dll
0x00007ffca2630000 - 0x00007ffca2652000 	C:\WINDOWS\System32\win32u.dll
0x00007ffca31b0000 - 0x00007ffca31db000 	C:\WINDOWS\System32\GDI32.dll
0x00007ffca2660000 - 0x00007ffca276f000 	C:\WINDOWS\System32\gdi32full.dll
0x00007ffca2a50000 - 0x00007ffca2aed000 	C:\WINDOWS\System32\msvcp_win.dll
0x00007ffc91a20000 - 0x00007ffc91cba000 	C:\WINDOWS\WinSxS\amd64_microsoft.windows.common-controls_6595b64144ccf1df_6.0.19041.1110_none_60b5254171f9507e\COMCTL32.dll
0x00007ffca34e0000 - 0x00007ffca357e000 	C:\WINDOWS\System32\msvcrt.dll
0x00007ffca3640000 - 0x00007ffca3670000 	C:\WINDOWS\System32\IMM32.DLL
0x00007ffc8b170000 - 0x00007ffc8b20b000 	C:\Program Files\Eclipse Adoptium\jdk-11.0.16.8-hotspot\bin\msvcp140.dll
0x00007ffc59aa0000 - 0x00007ffc5a622000 	C:\Program Files\Eclipse Adoptium\jdk-11.0.16.8-hotspot\bin\server\jvm.dll
0x00007ffca48c0000 - 0x00007ffca496e000 	C:\WINDOWS\System32\ADVAPI32.dll
0x00007ffca4560000 - 0x00007ffca45fc000 	C:\WINDOWS\System32\sechost.dll
0x00007ffca3c10000 - 0x00007ffca3d35000 	C:\WINDOWS\System32\RPCRT4.dll
0x00007ffca3440000 - 0x00007ffca3448000 	C:\WINDOWS\System32\PSAPI.DLL
0x00007ffc9d680000 - 0x00007ffc9d689000 	C:\WINDOWS\SYSTEM32\WSOCK32.dll
0x00007ffc96cd0000 - 0x00007ffc96cf7000 	C:\WINDOWS\SYSTEM32\WINMM.dll
0x00007ffca44f0000 - 0x00007ffca455b000 	C:\WINDOWS\System32\WS2_32.dll
0x00007ffc974e0000 - 0x00007ffc974ea000 	C:\WINDOWS\SYSTEM32\VERSION.dll
0x00007ffca0b90000 - 0x00007ffca0ba2000 	C:\WINDOWS\SYSTEM32\kernel.appcore.dll
0x00007ffc90ee0000 - 0x00007ffc90ef0000 	C:\Program Files\Eclipse Adoptium\jdk-11.0.16.8-hotspot\bin\verify.dll
0x00007ffca0100000 - 0x00007ffca02e4000 	C:\WINDOWS\SYSTEM32\DBGHELP.DLL
0x00007ffc8ef30000 - 0x00007ffc8ef5c000 	C:\WINDOWS\SYSTEM32\dbgcore.DLL
0x00007ffca25a0000 - 0x00007ffca2622000 	C:\WINDOWS\System32\bcryptPrimitives.dll
0x00007ffc8fc40000 - 0x00007ffc8fc68000 	C:\Program Files\Eclipse Adoptium\jdk-11.0.16.8-hotspot\bin\java.dll
0x00007ffc8fc80000 - 0x00007ffc8fc8a000 	C:\Program Files\Eclipse Adoptium\jdk-11.0.16.8-hotspot\bin\jimage.dll
0x00007ffc8f8a0000 - 0x00007ffc8f8b8000 	C:\Program Files\Eclipse Adoptium\jdk-11.0.16.8-hotspot\bin\zip.dll

dbghelp: loaded successfully - version: 4.0.5 - missing functions: none
symbol engine: initialized successfully - sym options: 0x614 - pdb path: .;C:\Program Files\Eclipse Adoptium\jdk-11.0.16.8-hotspot\bin;C:\WINDOWS\SYSTEM32;C:\WINDOWS\WinSxS\amd64_microsoft.windows.common-controls_6595b64144ccf1df_6.0.19041.1110_none_60b5254171f9507e;C:\Program Files\Eclipse Adoptium\jdk-11.0.16.8-hotspot\bin\server

VM Arguments:
jvm_args: -Xmx512m -Dfile.encoding=UTF-8 
java_command: edu.umd.cs.findbugs.FindBugs2 -xml:withMessages=D:\IdeaProjects\SpotBug\target\spotbugsTemp.xml -auxclasspathFromInput -projectName statistics -effort:default -medium -nested:false D:\IdeaProjects\SpotBug\target\classes
java_class_path (initial): C:\Users\\.m2\repository\com\github\spotbugs\spotbugs-maven-plugin\4.7.2.1\spotbugs-maven-plugin-4.7.2.1.jar;C:\Users\\.m2\repository\com\github\spotbugs\spotbugs\4.7.2\spotbugs-4.7.2.jar;C:\Users\\.m2\repository\org\apache\bcel\bcel\6.5.0\bcel-6.5.0.jar;C:\Users\\.m2\repository\net\jcip\jcip-annotations\1.0\jcip-annotations-1.0.jar;C:\Users\\.m2\repository\org\dom4j\dom4j\2.1.3\dom4j-2.1.3.jar;C:\Users\\.m2\repository\org\apache\commons\commons-text\1.9\commons-text-1.9.jar;C:\Users\\.m2\repository\com\github\spotbugs\spotbugs-annotations\4.7.2\spotbugs-annotations-4.7.2.jar;C:\Users\\.m2\repository\com\google\code\findbugs\jsr305\3.0.2\jsr305-3.0.2.jar;C:\Users\\.m2\repository\com\google\code\gson\gson\2.9.1\gson-2.9.1.jar;C:\Users\\.m2\repository\jaxen\jaxen\1.2.0\jaxen-1.2.0.jar;C:\Users\\.m2\repository\net\sf\saxon\Saxon-HE\11.4\Saxon-HE-11.4.jar;C:\Users\\.m2\repository\org\xmlresolver\xmlresolver\4.4.3\xmlresolver-4.4.3.jar;C:\Users\\.m2\repository\org\apache\httpcomponents\client5\httpclient5\5.1.3\httpclient5-5.1.3.jar;C:\Users\\.m2\repository\org\apache\httpcomponents\core5\httpcore5-h2\5.1.3\httpcore5-h2-5.1.3.jar;C:\Users\\.m2\repository\org\apache\httpcomponents\core5\httpcore5\5.1.3\httpcore5-5.1.3.jar;C:\Users\\.m2\repository\xml-apis\xml-apis\1.4.01\xml-apis-1.4.01.jar;C:\Users\\.m2\repository\org\xmlresolver\xmlresolver\4.4.3\xmlresolver-4.4.3-data.jar;C:\Users\\.m2\repository\org\slf4j\jcl-over-slf4j\2.0.3\jcl-over-slf4j-2.0.3.jar;C:\Users\\.m2\repository\org\slf4j\slf4j-api\2.0.3\slf4j-api-2.0.3.jar;C:\Users\\.m2\repository\org\slf4j\slf4j-simple\2.0.3\slf4j-simple-2.0.3.jar;C:\Users\\.m2\repository\org\ow2\asm\asm\9.4\asm-9.4.jar;C:\Users\\.m2\repository\org\ow2\asm\asm-analysis\9.4\asm-analysis-9.4.jar;C:\Users\\.m2\repository\org\ow2\asm\asm-commons\9.4\asm-commons-9.4.jar;C:\Users\\.m2\repository\org\ow2\asm\asm-tree\9.4
Launcher Type: SUN_STANDARD

[Global flags]
     intx CICompilerCount                          = 3                                         {product} {ergonomic}
     uint ConcGCThreads                            = 1                                         {product} {ergonomic}
     uint G1ConcRefinementThreads                  = 4                                         {product} {ergonomic}
   size_t G1HeapRegionSize                         = 1048576                                   {product} {ergonomic}
    uintx GCDrainStackTargetSize                   = 64                                        {product} {ergonomic}
   size_t InitialHeapSize                          = 100663296                                 {product} {ergonomic}
   size_t MarkStackSize                            = 4194304                                   {product} {ergonomic}
   size_t MaxHeapSize                              = 536870912                                 {product} {command line}
   size_t MinHeapDeltaBytes                        = 1048576                                   {product} {ergonomic}
    uintx NonNMethodCodeHeapSize                   = 5830732                                {pd product} {ergonomic}
    uintx NonProfiledCodeHeapSize                  = 122913754                              {pd product} {ergonomic}
    uintx ProfiledCodeHeapSize                     = 122913754                              {pd product} {ergonomic}
    uintx ReservedCodeCacheSize                    = 251658240                              {pd product} {ergonomic}
     bool SegmentedCodeCache                       = true                                      {product} {ergonomic}
     bool UseCompressedClassPointers               = true                                 {lp64_product} {ergonomic}
     bool UseCompressedOops                        = true                                 {lp64_product} {ergonomic}
     bool UseG1GC                                  = true                                      {product} {ergonomic}
     bool UseLargePagesIndividualAllocation        = false                                  {pd product} {ergonomic}

Logging:
Log output configuration:
 #0: stdout all=warning uptime,level,tags
 #1: stderr all=off uptime,level,tags

Environment Variables:
PATH=C:\Program Files\Eclipse Adoptium\jdk-11.0.16.8-hotspot\bin;C:\WINDOWS\system32;C:\WINDOWS;C:\WINDOWS\System32\Wbem;C:\WINDOWS\System32\WindowsPowerShell\v1.0\;C:\WINDOWS\System32\OpenSSH\;C:\Program Files\Git\cmd;C:\Users\\AppData\Local\Microsoft\WindowsApps;;D:\Microsoft VS Code\bin
USERNAME=
OS=Windows_NT
PROCESSOR_IDENTIFIER=Intel64 Family 6 Model 61 Stepping 4, GenuineIntel
TMP=C:\Users\\AppData\Local\Temp
TEMP=C:\Users\\AppData\Local\Temp



---------------  S Y S T E M  ---------------

OS: Windows 10 , 64 bit Build 19041 (10.0.19041.1889)
OS uptime: 0 days 6:07 hours

CPU:total 4 (initial active 4) (2 cores per cpu, 2 threads per core) family 6 model 61 stepping 4 microcode 0x2d, cmov, cx8, fxsr, mmx, sse, sse2, sse3, ssse3, sse4.1, sse4.2, popcnt, avx, avx2, aes, clmul, erms, 3dnowpref, lzcnt, ht, tsc, tscinvbit, bmi1, bmi2, adx, fma

Memory: 4k page, system-wide physical 6043M (361M free)
TotalPageFile size 6043M (AvailPageFile size 89M)
current process WorkingSet (physical memory assigned to process): 9M, peak: 9M
current process commit charge ("private bytes"): 51M, peak: 147M

vm_info: OpenJDK 64-Bit Server VM (11.0.16+8) for windows-amd64 JRE (11.0.16+8), built on Jul 20 2022 07:15:32 by "" with MS VC++ 15.9 (VS2017)

END.
